2024-09-28 02:53:30,715 - ERROR - POST - /username/check - [ERROR]
[409]Invalid username

2024-09-28 02:56:52,034 - ERROR - POST - /username/check - [ERROR]
[409]Invalid username

2024-09-28 02:57:42,587 - ERROR - POST - /username/check - [ERROR]
[409]Invalid username

2024-09-28 02:57:58,037 - ERROR - POST - /username/check - [ERROR]
[409]Invalid username

2024-09-28 02:58:00,580 - ERROR - POST - /username/check - [ERROR]
[409]Invalid username

2024-09-28 02:58:01,471 - ERROR - POST - /username/check - [ERROR]
[409]Invalid username

2024-09-28 03:00:02,355 - ERROR - POST - /username/check - [ERROR]
[409]Invalid username

2024-09-28 03:00:10,048 - ERROR - POST - /username/check - [ERROR]
[409]Invalid username

2024-09-28 03:00:22,896 - ERROR - POST - /username/check - [ERROR]
[409]Invalid username

2024-09-28 03:01:18,888 - ERROR - POST - /username/check - [ERROR]
[409]Invalid username

2024-09-28 03:01:43,439 - ERROR - POST - /username/check - [ERROR]
[409]Invalid username

2024-09-28 03:01:50,526 - ERROR - POST - /username/check - [ERROR]
[409]Invalid username

2024-09-28 03:02:12,511 - ERROR - POST - /username/check - [ERROR]
[409]Invalid username

2024-09-28 03:02:29,462 - ERROR - POST - /username/check - [ERROR]
[409]Invalid username

2024-09-28 03:02:53,951 - ERROR - POST - /username/check - [ERROR]
[409]Invalid username

2024-09-28 03:03:07,391 - ERROR - POST - /username/check - [ERROR]
[409]Invalid username

2024-09-28 03:03:20,575 - ERROR - POST - /username/check - [ERROR]
[409]Invalid username

2024-09-28 03:03:37,324 - ERROR - POST - /username/check - [ERROR]
[409]Invalid username

2024-09-28 03:03:43,400 - ERROR - POST - /username/check - [ERROR]
[409]Invalid username

2024-09-28 03:03:49,661 - ERROR - POST - /username/check - [ERROR]
[409]Invalid username

2024-09-28 03:04:14,649 - ERROR - POST - /username/check - [ERROR]
[409]Invalid username

2024-09-28 03:04:25,256 - ERROR - POST - /username/check - [ERROR]
[409]Invalid username

2024-09-28 03:05:03,998 - ERROR - POST - /username/check - [ERROR]
[409]Invalid username

2024-09-28 03:06:40,056 - ERROR - POST - /username/check - [ERROR]
[409]Invalid username

2024-09-28 03:08:01,113 - ERROR - POST - /username/check - [ERROR]
[409]Invalid username

2024-09-28 03:08:02,148 - ERROR - POST - /username/check - [ERROR]
[409]Invalid username

2024-09-28 03:09:26,678 - ERROR - POST - /email/check - [ERROR]
[409]Invalid email

2024-09-28 03:09:28,972 - ERROR - POST - /email/check - [ERROR]
[409]Invalid email

2024-09-28 03:15:36,787 - ERROR - POST - /email/authcode/confirm - [ERROR]
[406]Invalid authcode info

2024-09-28 03:15:53,338 - ERROR - POST - /username/check - [ERROR]
[409]Invalid username

2024-09-28 03:18:50,251 - ERROR - POST - /username/check - [ERROR]
[409]Invalid username

